
ROM used:   5378/16384 (16%)
            5378/16384 (16%) including unused fragments

            2.3 Average locations per line
            15.4 Average locations per statement

RAM used:   57/2048 (3%) at main() level
            104/2048 (5%) worst case

Stack used: 0 worst case (0 in main + 0 for interrupts)
Stack size: 31

Lines Stmts  %   Files
----- ----- ---  -----
  161    62  18  TCC.c
  821     0   0  C:\Program Files (x86)\PICC\Devices\18f4550.h
  227    63  18  DS1307.c
  163     0   0  C:\Program Files (x86)\PICC\Drivers\stdint.h
  456   100  29  C:\Program Files (x86)\PICC\Drivers\lcd.c
   37     0   0  C:\Program Files (x86)\PICC\Drivers\stdio.h
  423   125  36  C:\Program Files (x86)\PICC\Drivers\string.h
   32     0   0  C:\Program Files (x86)\PICC\Drivers\stddef.h
   28     0   0  C:\Program Files (x86)\PICC\Drivers\ctype.h
----- -----
 2348   350 Total

Page ROM  %  RAM   Vol Diff  Functions:
---- --- --- ---   --- ----  ----------
0     38   0    1             @delay_ms1
0     20   0    0             @const727
0     74   1    3   760  4.5  lcd_read_byte
0     82   1    2   262  3.7  lcd_read_nibble
0     64   1    1   399  2.4  lcd_send_nibble
0     70   1    3   415  3.7  lcd_send_byte
0    110   1    2   704  5.0  lcd_init
0     34   0    4   208  6.3  lcd_gotoxy
0     80   1    1   354  4.7  lcd_putc
0    360   3   25   693  2.1  ImprimiMenu
0      6   0    0             @const872
0     34   0    2             @PSTRINGC_746
0     38   0    2             @PSTRINGR_746
0     16   0    0             @const875
0     30   0    3             @PSTRINGCN_746
0    242   2   11             @MULFF
0     64   1    5             @FTOSD
0    142   1   13             @DIV3232
0    376   3   13             @PRINTF_L32D_746FPFPF
0     16   0    0             @const889
0     16   0    0             @const890
0   2202  20    4  2285  8.6  MAIN
0     54   1    2             @ITOF
0     58   1    4             @SFTOI
0     66   1    5             @DIV1616
0    346   3   14             @DIVFF
0    618   6   16             @ADDFF
0    118   1   10             @FLT
 Inline         0             @cinit1

Program metrics:
    Functions               9
    Statements              350
    Comments                533
    Volume (V)              8966
    Difficulty (D)          38.8
    Effort to implement (E) 348262
    Time to implement (T)   5 hours, 22 minutes
    Est Delivered Bugs (B)  2
    Cyclomatic Complexity   12
    Maintainability (MI)    45

 Segment     Used  Free
-----------  ----  ----
00000-00002     4  0  
00004-07FFE  5374  27390  



